<?xml version="1.0" encoding="UTF-8"?>
<testng-results skipped="0" failed="0" ignored="0" total="4" passed="4">
  <reporter-output>
  </reporter-output>
  <suite name="Suite" duration-ms="36" started-at="2020-03-30T21:12:12 IST" finished-at="2020-03-30T21:12:12 IST">
    <groups>
    </groups>
    <test name="Test" duration-ms="36" started-at="2020-03-30T21:12:12 IST" finished-at="2020-03-30T21:12:12 IST">
      <class name="qaclickacademy.RESTAPITest">
        <test-method status="PASS" signature="postJira()[pri:0, instance:qaclickacademy.RESTAPITest@2038ae61]" name="postJira" duration-ms="0" started-at="2020-03-30T21:12:12 IST" finished-at="2020-03-30T21:12:12 IST">
          <reporter-output>
          </reporter-output>
        </test-method> <!-- postJira -->
        <test-method status="PASS" signature="deleteTwitter()[pri:0, instance:qaclickacademy.RESTAPITest@2038ae61]" name="deleteTwitter" duration-ms="0" started-at="2020-03-30T21:12:12 IST" finished-at="2020-03-30T21:12:12 IST">
          <reporter-output>
          </reporter-output>
        </test-method> <!-- deleteTwitter -->
      </class> <!-- qaclickacademy.RESTAPITest -->
      <class name="qaclickacademy.SeleniumTest">
        <test-method status="PASS" signature="BrowserAutomation()[pri:0, instance:qaclickacademy.SeleniumTest@60c6f5b]" name="BrowserAutomation" duration-ms="4" started-at="2020-03-30T21:12:12 IST" finished-at="2020-03-30T21:12:12 IST">
          <reporter-output>
          </reporter-output>
        </test-method> <!-- BrowserAutomation -->
        <test-method status="PASS" signature="elementsUi()[pri:0, instance:qaclickacademy.SeleniumTest@60c6f5b]" name="elementsUi" duration-ms="0" started-at="2020-03-30T21:12:12 IST" finished-at="2020-03-30T21:12:12 IST">
          <reporter-output>
          </reporter-output>
        </test-method> <!-- elementsUi -->
      </class> <!-- qaclickacademy.SeleniumTest -->
    </test> <!-- Test -->
  </suite> <!-- Suite -->
</testng-results>
