<?xml version="1.0" encoding="UTF-8"?>
<testng-results skipped="0" failed="0" ignored="0" total="2" passed="2">
  <reporter-output>
  </reporter-output>
  <suite name="Default suite" duration-ms="47" started-at="2020-03-28T20:32:37 IST" finished-at="2020-03-28T20:32:37 IST">
    <groups>
    </groups>
    <test name="Default test" duration-ms="47" started-at="2020-03-28T20:32:37 IST" finished-at="2020-03-28T20:32:37 IST">
      <class name="qaclickacademy.SeleniumTest">
        <test-method status="PASS" signature="elementsUi()[pri:0, instance:qaclickacademy.SeleniumTest@7c29daf3]" name="elementsUi" duration-ms="0" started-at="2020-03-28T20:32:37 IST" finished-at="2020-03-28T20:32:37 IST">
          <reporter-output>
          </reporter-output>
        </test-method> <!-- elementsUi -->
        <test-method status="PASS" signature="BrowserAutomation()[pri:0, instance:qaclickacademy.SeleniumTest@7c29daf3]" name="BrowserAutomation" duration-ms="0" started-at="2020-03-28T20:32:37 IST" finished-at="2020-03-28T20:32:37 IST">
          <reporter-output>
          </reporter-output>
        </test-method> <!-- BrowserAutomation -->
      </class> <!-- qaclickacademy.SeleniumTest -->
    </test> <!-- Default test -->
  </suite> <!-- Default suite -->
</testng-results>
